0 info it worked if it ends with ok
1 verbose cli [ '/usr/local/Cellar/node/5.4.1_1/bin/node',
1 verbose cli   '/usr/local/bin/npm',
1 verbose cli   'completion',
1 verbose cli   '--',
1 verbose cli   'npm st' ]
2 info using npm@3.5.3
3 info using node@v5.4.1
4 verbose stack TypeError: Cannot read property 'length' of undefined
4 verbose stack     at EventEmitter.completion (/usr/local/lib/node_modules/npm/lib/completion.js:79:22)
4 verbose stack     at Object.commandCache.(anonymous function) (/usr/local/lib/node_modules/npm/lib/npm.js:216:13)
4 verbose stack     at EventEmitter.<anonymous> (/usr/local/lib/node_modules/npm/bin/npm-cli.js:74:30)
4 verbose stack     at nextTickCallbackWith0Args (node.js:452:9)
4 verbose stack     at process._tickCallback (node.js:381:13)
5 verbose cwd /Users/nmiodice/Dropbox/dev/projects/mediaserver/client
6 error Darwin 14.5.0
7 error argv "/usr/local/Cellar/node/5.4.1_1/bin/node" "/usr/local/bin/npm" "completion" "--" "npm st"
8 error node v5.4.1
9 error npm  v3.5.3
10 error Cannot read property 'length' of undefined
11 error If you need help, you may report this error at:
11 error     <https://github.com/npm/npm/issues>
12 verbose exit [ 1, true ]
